# JRE version: Java(TM) SE Runtime Environment (7.0_51-b13) (build 1.7.0_51-b13)
# Java VM: Java HotSpot(TM) 64-Bit Server VM (24.51-b03 mixed mode bsd-amd64 compressed oops)
Heap
 PSYoungGen      total 38912K, used 6423K [0x0000000168800000, 0x000000016b300000, 0x0000000193300000)
  eden space 33792K, 12% used [0x0000000168800000,0x0000000168c3a270,0x000000016a900000)
  from space 5120K, 40% used [0x000000016ae00000,0x000000016b00bd10,0x000000016b300000)
  to   space 5120K, 0% used [0x000000016a900000,0x000000016a900000,0x000000016ae00000)
 ParOldGen       total 87040K, used 16K [0x0000000113300000, 0x0000000118800000, 0x0000000168800000)
  object space 87040K, 0% used [0x0000000113300000,0x0000000113304000,0x0000000118800000)
 PSPermGen       total 21504K, used 10124K [0x000000010e100000, 0x000000010f600000, 0x0000000113300000)
  object space 21504K, 47% used [0x000000010e100000,0x000000010eae31a0,0x000000010f600000)
GC Heap History (4 events):
Event: 8944.371 GC heap before
{Heap before GC invocations=1 (full 0):
 PSYoungGen      total 38912K, used 33792K [0x0000000168800000, 0x000000016b300000, 0x0000000193300000)
  eden space 33792K, 100% used [0x0000000168800000,0x000000016a900000,0x000000016a900000)
  from space 5120K, 0% used [0x000000016ae00000,0x000000016ae00000,0x000000016b300000)
  to   space 5120K, 0% used [0x000000016a900000,0x000000016a900000,0x000000016ae00000)
 ParOldGen       total 87040K, used 0K [0x0000000113300000, 0x0000000118800000, 0x0000000168800000)
  object space 87040K, 0% used [0x0000000113300000,0x0000000113300000,0x0000000118800000)
 PSPermGen       total 21504K, used 10124K [0x000000010e100000, 0x000000010f600000, 0x0000000113300000)
  object space 21504K, 47% used [0x000000010e100000,0x000000010eae3088,0x000000010f600000)
Event: 8944.378 GC heap after
Heap after GC invocations=1 (full 0):
 PSYoungGen      total 38912K, used 2618K [0x0000000168800000, 0x000000016b300000, 0x0000000193300000)
  eden space 33792K, 0% used [0x0000000168800000,0x0000000168800000,0x000000016a900000)
  from space 5120K, 51% used [0x000000016a900000,0x000000016ab8ebe0,0x000000016ae00000)
  to   space 5120K, 0% used [0x000000016ae00000,0x000000016ae00000,0x000000016b300000)
 ParOldGen       total 87040K, used 8K [0x0000000113300000, 0x0000000118800000, 0x0000000168800000)
  object space 87040K, 0% used [0x0000000113300000,0x0000000113302000,0x0000000118800000)
 PSPermGen       total 21504K, used 10124K [0x000000010e100000, 0x000000010f600000, 0x0000000113300000)
  object space 21504K, 47% used [0x000000010e100000,0x000000010eae3088,0x000000010f600000)
}
Event: 8944.951 GC heap before
{Heap before GC invocations=2 (full 0):
 PSYoungGen      total 38912K, used 36410K [0x0000000168800000, 0x000000016b300000, 0x0000000193300000)
  eden space 33792K, 100% used [0x0000000168800000,0x000000016a900000,0x000000016a900000)
  from space 5120K, 51% used [0x000000016a900000,0x000000016ab8ebe0,0x000000016ae00000)
  to   space 5120K, 0% used [0x000000016ae00000,0x000000016ae00000,0x000000016b300000)
 ParOldGen       total 87040K, used 8K [0x0000000113300000, 0x0000000118800000, 0x0000000168800000)
  object space 87040K, 0% used [0x0000000113300000,0x0000000113302000,0x0000000118800000)
 PSPermGen       total 21504K, used 10124K [0x000000010e100000, 0x000000010f600000, 0x0000000113300000)
  object space 21504K, 47% used [0x000000010e100000,0x000000010eae31a0,0x000000010f600000)
Event: 8944.955 GC heap after
Heap after GC invocations=2 (full 0):
 PSYoungGen      total 38912K, used 2095K [0x0000000168800000, 0x000000016b300000, 0x0000000193300000)
  eden space 33792K, 0% used [0x0000000168800000,0x0000000168800000,0x000000016a900000)
  from space 5120K, 40% used [0x000000016ae00000,0x000000016b00bd10,0x000000016b300000)
  to   space 5120K, 0% used [0x000000016a900000,0x000000016a900000,0x000000016ae00000)
 ParOldGen       total 87040K, used 16K [0x0000000113300000, 0x0000000118800000, 0x0000000168800000)
  object space 87040K, 0% used [0x0000000113300000,0x0000000113304000,0x0000000118800000)
 PSPermGen       total 21504K, used 10124K [0x000000010e100000, 0x000000010f600000, 0x0000000113300000)
  object space 21504K, 47% used [0x000000010e100000,0x000000010eae31a0,0x000000010f600000)
}

